2020-05-29 12:15:17|   0.0|  0.0|INFORM|FME 2019.2.0.0 (20191105 - Build 19801 - WIN64)
2020-05-29 12:15:17|   0.0|  0.0|INFORM|FME_HOME is 'C:\Software\FME\'
2020-05-29 12:15:17|   0.0|  0.0|INFORM|FME Database Edition (node locked-crc)
2020-05-29 12:15:17|   0.0|  0.0|INFORM|Serial Number: 0
2020-05-29 12:15:17|   0.0|  0.0|INFORM|Temporary License: 118 days left.
2020-05-29 12:15:17|   0.0|  0.0|INFORM|Machine host name is: DESKTOP-2DC7J7G
2020-05-29 12:15:17|   0.0|  0.0|INFORM|START - ProcessID: 18912, peak process memory usage: 30148 kB, current process memory usage: 29960 kB
2020-05-29 12:15:17|   0.0|  0.0|INFORM|FME Configuration: Command line arguments are `C:\Software\FME\fme.exe' `D:/4_semester/Football_project/DataPreProcessing/PremierLeagueData/AllSeasons\wb-xlate-1590747315433_4584' `LOG_STANDARDOUT' `YES' `LogCountServerName' `{e19ee701-fa79-4c46-b430-552e28400598}'
2020-05-29 12:15:17|   0.0|  0.0|INFORM|FME Configuration: Connection Storage: 'C:\Users\olafw\AppData\Roaming\Safe Software\FME\'
2020-05-29 12:15:17|   0.1|  0.1|INFORM|Shared folders for formats are : C:\Software\FME\datasources;C:\Users\olafw\OneDrive\Dokumenty\FME\Formats
2020-05-29 12:15:17|   0.1|  0.0|INFORM|Shared folders for transformers are : C:\Users\olafw\AppData\Roaming\Safe Software\FME\Packages\19801-win64\transformers;C:\Software\FME\transformers;C:\Users\olafw\AppData\Roaming\Safe Software\FME\FME Store\Transformers
2020-05-29 12:15:17|   0.1|  0.0|INFORM|Shared folders for coordinate systems are : C:\Users\olafw\OneDrive\Dokumenty\FME\CoordinateSystems
2020-05-29 12:15:17|   0.1|  0.0|INFORM|Shared folders for coordinate system exceptions are : C:\Users\olafw\OneDrive\Dokumenty\FME\CoordinateSystemExceptions
2020-05-29 12:15:17|   0.1|  0.0|INFORM|Shared folders for coordinate system grid overrides are : C:\Users\olafw\OneDrive\Dokumenty\FME\CoordinateSystemGridOverrides
2020-05-29 12:15:17|   0.1|  0.0|INFORM|Shared folders for CS-MAP transformation exceptions are : C:\Users\olafw\OneDrive\Dokumenty\FME\CsmapTransformationExceptions
2020-05-29 12:15:17|   0.1|  0.0|INFORM|Shared folders for transformer categories are : C:\Users\olafw\OneDrive\Dokumenty\FME\TransformerCategories
2020-05-29 12:15:17|   0.1|  0.0|INFORM|FME Configuration: Reader Keyword is `MULTI_READER'
2020-05-29 12:15:17|   0.1|  0.0|INFORM|FME Configuration: Writer Keyword is `MULTI_WRITER'
2020-05-29 12:15:17|   0.1|  0.0|INFORM|FME Configuration: Writer Group Definition Keyword is `MULTI_WRITER_DEF'
2020-05-29 12:15:17|   0.1|  0.0|INFORM|FME Configuration: Reader type is `MULTI_READER'
2020-05-29 12:15:17|   0.1|  0.0|INFORM|FME Configuration: Writer type is `MULTI_WRITER'
2020-05-29 12:15:17|   0.1|  0.0|INFORM|FME Configuration: No destination coordinate system set
2020-05-29 12:15:17|   0.1|  0.0|INFORM|FME Configuration: Current working folder is `D:\4_semester\Football_project\DataPreProcessing\PremierLeagueData\AllSeasons'
2020-05-29 12:15:17|   0.1|  0.0|INFORM|FME Configuration: Temporary folder is `D:\FME_TEMP', set from environment variable `FME_TEMP'
2020-05-29 12:15:17|   0.1|  0.0|INFORM|FME Configuration: FME_HOME is `C:\Software\FME\'
2020-05-29 12:15:17|   0.1|  0.0|INFORM|FME Configuration: FME_BASE is 'no'
2020-05-29 12:15:17|   0.1|  0.0|INFORM|FME Configuration: FME_MF_DIR is 'D:\4_semester\Football_project\DataPreProcessing\PremierLeagueData\AllSeasons/'
2020-05-29 12:15:17|   0.1|  0.0|INFORM|FME Configuration: FME_MF_NAME is 'Geojson_spatial_RelatorAllSeasons.fmw'
2020-05-29 12:15:17|   0.1|  0.0|INFORM|FME Configuration: FME_PRODUCT_NAME is 'FME(R) 2019.2.0.0'
2020-05-29 12:15:17|   0.1|  0.0|INFORM|System Status: 75.55 GB of disk space available in the FME temporary folder (D:\FME_TEMP)
2020-05-29 12:15:17|   0.1|  0.0|INFORM|System Status: 128.00 TB of virtual memory available
2020-05-29 12:15:17|   0.1|  0.0|INFORM|Operating System: Microsoft Windows 10 64-bit  (Build 18362)
2020-05-29 12:15:17|   0.1|  0.0|INFORM|FME Platform: WIN64
2020-05-29 12:15:17|   0.1|  0.0|INFORM|Locale: pl_PL
2020-05-29 12:15:17|   0.1|  0.0|INFORM|Code Page: 1250  (ANSI - Europa Środkowa)
2020-05-29 12:15:17|   0.1|  0.0|INFORM|FME Configuration: Process limit is 15.87 GB of physical memory
2020-05-29 12:15:17|   0.1|  0.0|INFORM|FME Configuration: Start freeing memory when process usage exceeds 47.60 GB of virtual memory
2020-05-29 12:15:17|   0.1|  0.0|INFORM|FME Configuration: Stop freeing memory when process usage is below 35.70 GB of virtual memory
2020-05-29 12:15:17|   0.2|  0.0|INFORM|Creating writer for format: 
2020-05-29 12:15:17|   0.2|  0.0|INFORM|Creating reader for format: 
2020-05-29 12:15:17|   0.2|  0.0|INFORM|MULTI_READER(MULTI_READER): Will fail with first member reader failure
2020-05-29 12:15:17|   0.2|  0.0|INFORM|Using Multi Reader with keyword `MULTI_READER' to read multiple datasets
2020-05-29 12:15:17|   0.2|  0.0|INFORM|Using MultiWriter with keyword `MULTI_WRITER' to output data (ID_ATTRIBUTE is `multi_writer_id')
2020-05-29 12:15:17|   0.2|  0.0|INFORM|Writer output will be ordered by value of multi_writer_id
2020-05-29 12:15:18|   0.6|  0.4|INFORM|Loaded module 'LogCount_func' from file 'C:\Software\FME\plugins/LogCount_func.dll'
2020-05-29 12:15:18|   0.6|  0.0|INFORM|FME API version of module 'LogCount_func' matches current internal version (3.8 20190820)
2020-05-29 12:15:18|   0.6|  0.0|INFORM|Emptying factory pipeline
2020-05-29 12:15:18|   0.6|  0.0|STATS |Router and Unexpected Input Remover (RoutingFactory): Tested 0 input feature(s), wrote 0 output feature(s): 0 matched merge filters, 0 were routed to output, 0 could not be routed.
2020-05-29 12:15:18|   0.6|  0.0|STATS |Unexpected Input Remover Nuker (TeeFactory): Cloned 0 input feature(s) into 0 output feature(s)
2020-05-29 12:15:18|   0.6|  0.0|STATS |NUTS_Level_2__January_2018__Full_Clipped_Boundaries_in_the_United_Kingdom (WFS_1) Splitter (TeeFactory): Cloned 0 input feature(s) into 0 output feature(s)
2020-05-29 12:15:18|   0.6|  0.0|STATS |HomeWinsAllSeasons (GEOJSON_1) Splitter (TeeFactory): Cloned 0 input feature(s) into 0 output feature(s)
2020-05-29 12:15:18|   0.8|  0.2|STATS |Restoring 22 feature(s) from FME feature store file `D:\FME_TEMP\wb-cache-Geojson_spatial_Relator-SLOZVi\Main_Tester -1 22 fo 0 PASSED  0  e9614dee225ab3ecc9215c2429fca94dfb007b6d.ffs'
2020-05-29 12:15:18|   0.8|  0.0|INFORM|Creating writer for format: GeoJSON (Geographic JavaScript Object Notation)
2020-05-29 12:15:18|   0.8|  0.0|INFORM|Trying to find a DYNAMIC plugin for writer named `GEOJSON'
2020-05-29 12:15:18|   0.8|  0.0|INFORM|Loaded module 'GEOJSON' from file 'C:\Software\FME\plugins/JSON.dll'
2020-05-29 12:15:18|   0.8|  0.0|INFORM|FME API version of module 'GEOJSON' matches current internal version (3.8 20190820)
2020-05-29 12:15:18|   0.8|  0.0|INFORM|FME Configuration: No destination coordinate system set
2020-05-29 12:15:18|   0.8|  0.0|INFORM|FME API version of module 'GEOJSON' matches current internal version (3.8 20190820)
2020-05-29 12:15:18|   0.8|  0.0|INFORM|Writer `GEOJSON_2' of type `GEOJSON' using group definition keyword `GEOJSON_2_DEF'
2020-05-29 12:15:18|   0.8|  0.0|INFORM|FME API version of module 'GEOJSON' matches current internal version (3.8 20190820)
2020-05-29 12:15:18|   0.8|  0.0|INFORM|GeoJSON Writer: All features not in WGS84 will be reprojected to WGS84
2020-05-29 12:15:18|   0.8|  0.0|INFORM|Opening the GEOJSON writer with destination dataset 'D:\4_semester\Football_project\DataPreProcessing\PremierLeagueData\AllSeasons\counties\AllSeasons.json'
2020-05-29 12:15:18|   0.8|  0.0|INFORM|FME Configuration: Destination coordinate system set to input coordinate system `EPSG:4326'
2020-05-29 12:15:18|   0.8|  0.0|INFORM|FME Configuration: Using FME Reprojection Engine
2020-05-29 12:15:18|   0.8|  0.0|INFORM|Tester_PASSED_-1_25_Player (RecorderFactory): Played back 22 feature(s) from file `D:\FME_TEMP\wb-cache-Geojson_spatial_Relator-SLOZVi\Main_Tester -1 22 fo 0 PASSED  0  e9614dee225ab3ecc9215c2429fca94dfb007b6d.ffs'
2020-05-29 12:15:18|   0.8|  0.0|STATS |Destination Feature Type Routing Correlator (RoutingFactory): Tested 22 input feature(s), wrote 22 output feature(s): 0 matched merge filters, 22 were routed to output, 0 could not be routed.
2020-05-29 12:15:18|   0.8|  0.0|STATS |Final Output Nuker (TeeFactory): Cloned 0 input feature(s) into 0 output feature(s)
2020-05-29 12:15:20|   2.5|  1.7|INFORM|Closing the GEOJSON writer
2020-05-29 12:15:20|   2.5|  0.0|INFORM|=-=-=-=-=-=-=-=-=-=-=-=-=-=-=-=-=-=-=-=-=-=-=-=-=-=-=-=-=-=-=-=-=-=-=-=-=-=-=-
2020-05-29 12:15:20|   2.5|  0.0|INFORM|Feature output statistics for `GEOJSON' writer using keyword `GEOJSON_2':
2020-05-29 12:15:20|   2.5|  0.0|STATS |=-=-=-=-=-=-=-=-=-=-=-=-=-=-=-=-=-=-=-=-=-=-=-=-=-=-=-=-=-=-=-=-=-=-=-=-=-=-=-
2020-05-29 12:15:20|   2.5|  0.0|STATS |                               Features Written
2020-05-29 12:15:20|   2.5|  0.0|STATS |=-=-=-=-=-=-=-=-=-=-=-=-=-=-=-=-=-=-=-=-=-=-=-=-=-=-=-=-=-=-=-=-=-=-=-=-=-=-=-
2020-05-29 12:15:20|   2.5|  0.0|STATS |nuts2_countiesUK                                                            22
2020-05-29 12:15:20|   2.5|  0.0|STATS |==============================================================================
2020-05-29 12:15:20|   2.5|  0.0|STATS |Total Features Written                                                      22
2020-05-29 12:15:20|   2.5|  0.0|STATS |=-=-=-=-=-=-=-=-=-=-=-=-=-=-=-=-=-=-=-=-=-=-=-=-=-=-=-=-=-=-=-=-=-=-=-=-=-=-=-
2020-05-29 12:15:20|   2.5|  0.0|STATS |=-=-=-=-=-=-=-=-=-=-=-=-=-=-=-=-=-=-=-=-=-=-=-=-=-=-=-=-=-=-=-=-=-=-=-=-=-=-=-
2020-05-29 12:15:20|   2.5|  0.0|STATS |                            Features Read Summary
2020-05-29 12:15:20|   2.5|  0.0|STATS |=-=-=-=-=-=-=-=-=-=-=-=-=-=-=-=-=-=-=-=-=-=-=-=-=-=-=-=-=-=-=-=-=-=-=-=-=-=-=-
2020-05-29 12:15:20|   2.5|  0.0|STATS |==============================================================================
2020-05-29 12:15:20|   2.5|  0.0|STATS |Total Features Read                                                          0
2020-05-29 12:15:20|   2.5|  0.0|STATS |=-=-=-=-=-=-=-=-=-=-=-=-=-=-=-=-=-=-=-=-=-=-=-=-=-=-=-=-=-=-=-=-=-=-=-=-=-=-=-
2020-05-29 12:15:20|   2.5|  0.0|STATS |=-=-=-=-=-=-=-=-=-=-=-=-=-=-=-=-=-=-=-=-=-=-=-=-=-=-=-=-=-=-=-=-=-=-=-=-=-=-=-
2020-05-29 12:15:20|   2.5|  0.0|STATS |                           Features Written Summary
2020-05-29 12:15:20|   2.5|  0.0|STATS |=-=-=-=-=-=-=-=-=-=-=-=-=-=-=-=-=-=-=-=-=-=-=-=-=-=-=-=-=-=-=-=-=-=-=-=-=-=-=-
2020-05-29 12:15:20|   2.5|  0.0|STATS |nuts2_countiesUK                                                            22
2020-05-29 12:15:20|   2.5|  0.0|STATS |==============================================================================
2020-05-29 12:15:20|   2.5|  0.0|STATS |Total Features Written                                                      22
2020-05-29 12:15:20|   2.5|  0.0|STATS |=-=-=-=-=-=-=-=-=-=-=-=-=-=-=-=-=-=-=-=-=-=-=-=-=-=-=-=-=-=-=-=-=-=-=-=-=-=-=-
2020-05-29 12:15:20|   2.5|  0.0|WARN  |-~-~-~-~-~-~-~-~-~-~-~-~-~-~-~-~-~-~-~-~-~-~-~-~-~-~-~-~-~-~-~-~-~-~-~-~-~-~-~-~-
2020-05-29 12:15:20|   2.5|  0.0|WARN  |-~                                                                             ~-
2020-05-29 12:15:20|   2.5|  0.0|WARN  |-~    Feature caches have been recorded at every stage of the translation.     ~-
2020-05-29 12:15:20|   2.5|  0.0|WARN  |-~                      To inspect the recorded features,                      ~-
2020-05-29 12:15:20|   2.5|  0.0|WARN  |-~              click the feature cache icons next to the ports.               ~-
2020-05-29 12:15:20|   2.5|  0.0|WARN  |-~                                                                             ~-
2020-05-29 12:15:20|   2.5|  0.0|WARN  |-~-~-~-~-~-~-~-~-~-~-~-~-~-~-~-~-~-~-~-~-~-~-~-~-~-~-~-~-~-~-~-~-~-~-~-~-~-~-~-~-
2020-05-29 12:15:20|   2.5|  0.0|INFORM|Translation was SUCCESSFUL with 7 warning(s) (22 feature(s) output)
2020-05-29 12:15:20|   2.5|  0.0|INFORM|FME Session Duration: 2.5 seconds. (CPU: 2.1s user, 0.4s system)
2020-05-29 12:15:20|   2.5|  0.0|INFORM|END - ProcessID: 18912, peak process memory usage: 93736 kB, current process memory usage: 76104 kB
